  sqlite3.c
  chewaTestServer.c
C:\Projects\427-programming-assignment-1\chewaTestServer.c(83,13): warning C4267: 'function': conversion from 'size_t' to 'int', possible loss of data
  Generating Code...
C:\Projects\427-programming-assignment-1\chewaTestServer.c(93,13): warning C4267: 'function': conversion from 'size_t' to 'int', possible loss of data
C:\Projects\427-programming-assignment-1\chewaTestServer.c(106,13): warning C4267: 'function': conversion from 'size_t' to 'int', possible loss of data
C:\Projects\427-programming-assignment-1\chewaTestServer.c(116,13): warning C4267: 'function': conversion from 'size_t' to 'int', possible loss of data
C:\Projects\427-programming-assignment-1\chewaTestServer.c(129,13): warning C4267: 'function': conversion from 'size_t' to 'int', possible loss of data
C:\Projects\427-programming-assignment-1\chewaTestServer.c(137,13): warning C4267: 'function': conversion from 'size_t' to 'int', possible loss of data
C:\Projects\427-programming-assignment-1\chewaTestServer.c(180,34): warning C4267: 'function': conversion from 'size_t' to 'int', possible loss of data
C:\Projects\427-programming-assignment-1\chewaTestServer.c(196,38): warning C4267: 'function': conversion from 'size_t' to 'int', possible loss of data
C:\Projects\427-programming-assignment-1\chewaTestServer.c(210,13): warning C4267: 'function': conversion from 'size_t' to 'int', possible loss of data
C:\Projects\427-programming-assignment-1\chewaTestServer.c(232,13): warning C4267: 'function': conversion from 'size_t' to 'int', possible loss of data
C:\Projects\427-programming-assignment-1\chewaTestServer.c(239,13): warning C4267: 'function': conversion from 'size_t' to 'int', possible loss of data
C:\Projects\427-programming-assignment-1\chewaTestServer.c(246,13): warning C4267: 'function': conversion from 'size_t' to 'int', possible loss of data
C:\Projects\427-programming-assignment-1\chewaTestServer.c(270,33): warning C4267: 'function': conversion from 'size_t' to 'int', possible loss of data
C:\Projects\427-programming-assignment-1\chewaTestServer.c(277,33): warning C4267: 'function': conversion from 'size_t' to 'int', possible loss of data
C:\Projects\427-programming-assignment-1\chewaTestServer.c(294,13): warning C4267: 'function': conversion from 'size_t' to 'int', possible loss of data
C:\Projects\427-programming-assignment-1\chewaTestServer.c(400,34): warning C4267: 'function': conversion from 'size_t' to 'int', possible loss of data
C:\Projects\427-programming-assignment-1\chewaTestServer.c(415,36): warning C4267: 'function': conversion from 'size_t' to 'int', possible loss of data
C:\Projects\427-programming-assignment-1\chewaTestServer.c(425,36): warning C4267: 'function': conversion from 'size_t' to 'int', possible loss of data
C:\Projects\427-programming-assignment-1\chewaTestServer.c(450,34): warning C4267: 'function': conversion from 'size_t' to 'int', possible loss of data
C:\Projects\427-programming-assignment-1\chewaTestServer.c(464,33): warning C4267: 'function': conversion from 'size_t' to 'int', possible loss of data
C:\Projects\427-programming-assignment-1\chewaTestServer.c(478,33): warning C4267: 'function': conversion from 'size_t' to 'int', possible loss of data
C:\Projects\427-programming-assignment-1\chewaTestServer.c(532,34): warning C4267: 'function': conversion from 'size_t' to 'int', possible loss of data
C:\Projects\427-programming-assignment-1\chewaTestServer.c(638,55): warning C4267: 'function': conversion from 'size_t' to 'int', possible loss of data
C:\Projects\427-programming-assignment-1\chewaTestServer.c(652,24): warning C4244: '=': conversion from 'SOCKET' to 'int', possible loss of data
C:\Projects\427-programming-assignment-1\chewaTestServer.c(657,63): warning C4267: 'function': conversion from 'size_t' to 'int', possible loss of data
C:\Projects\427-programming-assignment-1\chewaTestServer.c(685,24): warning C4244: '=': conversion from 'SOCKET' to 'int', possible loss of data
C:\Projects\427-programming-assignment-1\chewaTestServer.c(690,63): warning C4267: 'function': conversion from 'size_t' to 'int', possible loss of data
C:\Projects\427-programming-assignment-1\chewaTestServer.c(694,35): warning C4267: 'function': conversion from 'size_t' to 'int', possible loss of data
C:\Projects\427-programming-assignment-1\chewaTestServer.c(613,20): warning C4244: 'initializing': conversion from 'SOCKET' to 'int', possible loss of data
C:\Projects\427-programming-assignment-1\chewaTestServer.c(623,20): warning C4244: 'initializing': conversion from 'SOCKET' to 'int', possible loss of data
  PokemonTradeServer.vcxproj -> C:\Projects\427-programming-assignment-1\PokemonTradeProject\x64\Debug\PokemonTradeServer.exe
